<?xml version="1.0" encoding="UTF-8"?>
<!-- Generated by org.testng.reporters.JUnitReportReporter -->
<testsuite hostname="Jaggu" failures="0" tests="1" name="com.mystore.testcases.SearchResultPageTest" time="15.358" errors="0" timestamp="2024-03-10T09:29:27 IST" skipped="0">
  <testcase classname="com.mystore.testcases.SearchResultPageTest" name="productAvailabilityTest" time="15.358"/>
</testsuite> <!-- com.mystore.testcases.SearchResultPageTest -->
