<?xml version="1.0" encoding="UTF-8"?>
<!-- Generated by org.testng.reporters.JUnitReportReporter -->
<testsuite hostname="Jaggu" failures="0" tests="1" name="com.mystore.testcases.LoginPageTest" time="25.742" errors="0" timestamp="2024-03-10T09:29:27 IST" skipped="0">
  <testcase classname="com.mystore.testcases.LoginPageTest" name="loginTest" time="25.742"/>
</testsuite> <!-- com.mystore.testcases.LoginPageTest -->
