<?xml version="1.0" encoding="UTF-8"?>
<!-- Generated by org.testng.reporters.JUnitReportReporter -->
<testsuite hostname="Jaggu" failures="0" tests="1" name="com.mystore.testcases.EndToEndTest" time="58.560" errors="0" timestamp="2024-03-10T09:37:47 IST" skipped="0">
  <testcase classname="com.mystore.testcases.EndToEndTest" name="endToEndTest" time="58.560"/>
</testsuite> <!-- com.mystore.testcases.EndToEndTest -->
