<?xml version="1.0" encoding="UTF-8"?>
<!-- Generated by org.testng.reporters.JUnitReportReporter -->
<testsuite hostname="Jaggu" failures="0" tests="2" name="com.mystore.testcases.HomePageTest" time="40.927" errors="0" timestamp="2024-03-10T09:29:27 IST" skipped="0">
  <testcase classname="com.mystore.testcases.HomePageTest" name="orderHistoryandDetailsTest" time="20.705"/>
  <testcase classname="com.mystore.testcases.HomePageTest" name="wishListTest" time="20.222"/>
</testsuite> <!-- com.mystore.testcases.HomePageTest -->
