<?xml version="1.0" encoding="UTF-8"?>
<!-- Generated by org.testng.reporters.JUnitReportReporter -->
<testsuite hostname="Jaggu" failures="0" tests="2" name="com.mystore.testcases.IndexPageTest" time="26.288" errors="0" timestamp="2024-03-10T09:29:27 IST" skipped="0">
  <testcase classname="com.mystore.testcases.IndexPageTest" name="verifyTitle" time="12.920"/>
  <testcase classname="com.mystore.testcases.IndexPageTest" name="verifyLogo" time="13.368"/>
</testsuite> <!-- com.mystore.testcases.IndexPageTest -->
